c:\users\john\documents\visual studio 2015\projects\cryptography\sha2\win\sha2\x64\debug\sha2.pdb
c:\users\john\documents\visual studio 2015\projects\cryptography\sha2\win\sha2\x64\debug\sha2.idb
c:\users\john\documents\visual studio 2015\projects\cryptography\sha2\win\sha2\x64\debug\arrayutils.obj
c:\users\john\documents\visual studio 2015\projects\cryptography\sha2\win\sha2\x64\debug\bitconverter.obj
c:\users\john\documents\visual studio 2015\projects\cryptography\sha2\win\sha2\x64\debug\cpudetect.obj
c:\users\john\documents\visual studio 2015\projects\cryptography\sha2\win\sha2\x64\debug\csp.obj
c:\users\john\documents\visual studio 2015\projects\cryptography\sha2\win\sha2\x64\debug\digestfromname.obj
c:\users\john\documents\visual studio 2015\projects\cryptography\sha2\win\sha2\x64\debug\intutils.obj
c:\users\john\documents\visual studio 2015\projects\cryptography\sha2\win\sha2\x64\debug\paralleloptions.obj
c:\users\john\documents\visual studio 2015\projects\cryptography\sha2\win\sha2\x64\debug\parallelutils.obj
c:\users\john\documents\visual studio 2015\projects\cryptography\sha2\win\sha2\x64\debug\securerandom.obj
c:\users\john\documents\visual studio 2015\projects\cryptography\sha2\win\sha2\x64\debug\sha256.obj
c:\users\john\documents\visual studio 2015\projects\cryptography\sha2\win\sha2\x64\debug\sha512.obj
c:\users\john\documents\visual studio 2015\projects\cryptography\sha2\win\x64\debug\sha2.lib
c:\users\john\documents\visual studio 2015\projects\cryptography\sha2\win\x64\debug\sha2.pdb
c:\users\john\documents\visual studio 2015\projects\cryptography\sha2\win\sha2\x64\debug\sha2.tlog\cl.command.1.tlog
c:\users\john\documents\visual studio 2015\projects\cryptography\sha2\win\sha2\x64\debug\sha2.tlog\cl.read.1.tlog
c:\users\john\documents\visual studio 2015\projects\cryptography\sha2\win\sha2\x64\debug\sha2.tlog\cl.write.1.tlog
c:\users\john\documents\visual studio 2015\projects\cryptography\sha2\win\sha2\x64\debug\sha2.tlog\lib-link.read.1.tlog
c:\users\john\documents\visual studio 2015\projects\cryptography\sha2\win\sha2\x64\debug\sha2.tlog\lib-link.write.1.tlog
c:\users\john\documents\visual studio 2015\projects\cryptography\sha2\win\sha2\x64\debug\sha2.tlog\lib.command.1.tlog
